<?xml version="1.0" encoding="UTF-8"?>
<!-- Generated by org.testng.reporters.JUnitXMLReporter -->
<testsuite hostname="DESKTOP-H3C7SM4" ignored="1" name="Test" tests="2" failures="0" timestamp="22 Sep 2019 11:06:02 GMT" time="19.121" errors="0">
  <testcase name="homepagevalidatioontest" time="0.085" classname="com.Ohrm.Testcases.HomePageTest"/>
  <testcase name="loginPagevalid" time="0.084" classname="com.Ohrm.Testcases.LoginPageTest"/>
  <testcase name="@BeforeSuite extentReports" time="0.0" classname="com.Ohrm.Basetest.TestBase">
    <ignored/>
  </testcase> <!-- @BeforeSuite extentReports -->
</testsuite> <!-- Test -->
